eeschema (2013-07-07 BZR 4022)-stable  >> Creation date: 5/29/2014 6:00:03 PM
#Cmp ( order = Reference )
| C1         0.1uF       
| C2         0.1uF       
| C3         0.33uF      
| C4         1uF         
| C5         0.1uF       
| C6         0.1uF       
| IC1        ATMEGA328-P 
| K1         CONN_3      
| P1         CONN_6      
| Q1         TSOP38238   
| Q2         ZTT-16.00MX 
| R1         10K         
| R2         300         
| U1         LM7905CT    
#End Cmp

#Cmp ( order = Value )
| 0.1uF        C1        
| 0.1uF        C2        
| 0.1uF        C5        
| 0.1uF        C6        
| 0.33uF       C3        
| 1uF          C4        
| ATMEGA328-P  IC1       
| CONN_3       K1        
| CONN_6       P1        
| TSOP38238    Q1        
| ZTT-16.00MX  Q2        
| 300          R2        
| 10K          R1        
| LM7905CT     U1        
#End Cmp

#End List
